<?xml version="1.0" encoding="UTF-8"?>
<!-- Generated by org.testng.reporters.JUnitReportReporter -->
<testsuite hostname="WINDOWS-SBM5E6C" failures="0" tests="2" name="Practice_runner_Classes.Reports_Class_Runner" time="1.817" errors="0" timestamp="2022-04-11T10:01:28 IST" skipped="0">
  <testcase classname="Practice_runner_Classes.Reports_Class_Runner" name="runner1" time="0.010"/>
  <system-out/>
  <testcase classname="Practice_runner_Classes.Reports_Class_Runner" name="flush" time="1.807"/>
  <system-out/>
</testsuite> <!-- Practice_runner_Classes.Reports_Class_Runner -->
