<?xml version="1.0" encoding="UTF-8"?>
<!-- Generated by org.testng.reporters.JUnitReportReporter -->
<testsuite hostname="WINDOWS-SBM5E6C" failures="0" tests="1" name="Practice_runner_Classes.LogFile_RunnerClass" time="0.496" errors="0" timestamp="2022-04-08T08:36:53 IST" skipped="0">
  <testcase classname="Practice_runner_Classes.LogFile_RunnerClass" name="LogFile_Calling" time="0.496"/>
  <system-out/>
</testsuite> <!-- Practice_runner_Classes.LogFile_RunnerClass -->
