<?xml version="1.0" encoding="UTF-8"?>
<!-- Generated by org.testng.reporters.JUnitReportReporter -->
<testsuite hostname="WINDOWS-SBM5E6C" failures="0" tests="5" name="Uibank_Uipath.Uipath_Login_TestCase" time="47.873" errors="0" timestamp="2022-04-27T08:04:01 IST" skipped="0">
  <testcase classname="Uibank_Uipath.Uipath_Login_TestCase" name="loginForExcelData" time="5.329"/>
  <system-out/>
  <testcase classname="Uibank_Uipath.Uipath_Login_TestCase" name="loginForExcelData" time="5.396"/>
  <system-out/>
  <testcase classname="Uibank_Uipath.Uipath_Login_TestCase" name="loginForExcelData" time="5.358"/>
  <system-out/>
  <testcase classname="Uibank_Uipath.Uipath_Login_TestCase" name="loginForExcelData" time="15.109"/>
  <system-out/>
  <testcase classname="Uibank_Uipath.Uipath_Login_TestCase" name="loginForExcelData" time="16.681"/>
  <system-out/>
</testsuite> <!-- Uibank_Uipath.Uipath_Login_TestCase -->
