<?xml version="1.0" encoding="UTF-8"?>
<!-- Generated by org.testng.reporters.JUnitReportReporter -->
<testsuite hostname="WINDOWS-SBM5E6C" failures="0" tests="1" name="Uibank_Uipath.LoginActions_Caller" time="14.498" errors="0" timestamp="2022-04-27T08:04:01 IST" skipped="0">
  <testcase classname="Uibank_Uipath.LoginActions_Caller" name="LoignAcrtionsCaller" time="14.498"/>
  <system-out/>
</testsuite> <!-- Uibank_Uipath.LoginActions_Caller -->
